<?xml version="1.0" encoding="UTF-8"?>
<testng-results ignored="0" total="2" passed="2" failed="0" skipped="0">
  <reporter-output>
  </reporter-output>
  <suite started-at="2022-10-16T14:55:57 IST" name="Suite" finished-at="2022-10-16T14:58:24 IST" duration-ms="147131">
    <groups>
    </groups>
    <test started-at="2022-10-16T14:55:57 IST" name="Testchrome" finished-at="2022-10-16T14:57:03 IST" duration-ms="65712">
      <class name="test.ActitimeloginLogout">
        <test-method is-config="true" signature="setup(java.lang.String)[pri:0, instance:test.ActitimeloginLogout@5bd03f44]" started-at="2022-10-16T14:55:57 IST" name="setup" finished-at="2022-10-16T14:56:12 IST" duration-ms="14658" status="PASS">
          <params>
            <param index="0">
              <value>
                <![CDATA[chrome]]>
              </value>
            </param>
          </params>
          <reporter-output>
          </reporter-output>
        </test-method> <!-- setup -->
        <test-method signature="login()[pri:0, instance:test.ActitimeloginLogout@5bd03f44]" started-at="2022-10-16T14:56:12 IST" name="login" finished-at="2022-10-16T14:57:03 IST" duration-ms="50995" status="PASS">
          <reporter-output>
          </reporter-output>
        </test-method> <!-- login -->
      </class> <!-- test.ActitimeloginLogout -->
    </test> <!-- Testchrome -->
    <test started-at="2022-10-16T14:57:03 IST" name="Testedge" finished-at="2022-10-16T14:58:24 IST" duration-ms="81323">
      <class name="test.ActitimeloginLogout">
        <test-method is-config="true" signature="executionstart()[pri:0, instance:test.ActitimeloginLogout@c33b74f]" started-at="2022-10-16T14:55:57 IST" name="executionstart" finished-at="2022-10-16T14:55:57 IST" duration-ms="10" status="PASS">
          <reporter-output>
          </reporter-output>
        </test-method> <!-- executionstart -->
        <test-method is-config="true" signature="setup(java.lang.String)[pri:0, instance:test.ActitimeloginLogout@c33b74f]" started-at="2022-10-16T14:57:03 IST" name="setup" finished-at="2022-10-16T14:57:32 IST" duration-ms="28777" status="PASS">
          <params>
            <param index="0">
              <value>
                <![CDATA[edge]]>
              </value>
            </param>
          </params>
          <reporter-output>
          </reporter-output>
        </test-method> <!-- setup -->
        <test-method signature="login()[pri:0, instance:test.ActitimeloginLogout@c33b74f]" started-at="2022-10-16T14:57:32 IST" name="login" finished-at="2022-10-16T14:58:24 IST" duration-ms="52541" status="PASS">
          <reporter-output>
          </reporter-output>
        </test-method> <!-- login -->
        <test-method is-config="true" signature="executioncomplete()[pri:0, instance:test.ActitimeloginLogout@c33b74f]" started-at="2022-10-16T14:58:24 IST" name="executioncomplete" finished-at="2022-10-16T14:58:24 IST" duration-ms="0" status="PASS">
          <reporter-output>
          </reporter-output>
        </test-method> <!-- executioncomplete -->
      </class> <!-- test.ActitimeloginLogout -->
    </test> <!-- Testedge -->
  </suite> <!-- Suite -->
</testng-results>
